2024-11-18 15:24:45,484 - INFO - Starting scrape of video: https://www.youtube.com/watch?v=ciRnJTOP5Gs
2024-11-18 15:24:52,056 - INFO - Video duration: 0:31:26
2024-11-18 15:24:52,104 - INFO - Started video playback
2024-11-18 15:24:52,123 - INFO - Successfully switched to chat frame
2024-11-18 15:24:52,145 - INFO - Successfully switched to chat frame
2024-11-18 15:24:52,149 - INFO - Progress: 0:00:00 / 0:31:26
2024-11-18 15:24:52,150 - INFO - Total messages collected: 0
2024-11-18 15:24:53,222 - INFO - Successfully switched to chat frame
2024-11-18 15:24:55,035 - INFO - Successfully switched to chat frame
2024-11-18 15:24:56,797 - INFO - Successfully switched to chat frame
2024-11-18 15:24:58,555 - INFO - Successfully switched to chat frame
2024-11-18 15:25:00,313 - INFO - Successfully switched to chat frame
2024-11-18 15:25:02,112 - INFO - Successfully switched to chat frame
2024-11-18 15:25:03,913 - INFO - Successfully switched to chat frame
2024-11-18 15:25:05,779 - INFO - Successfully switched to chat frame
2024-11-18 15:25:07,622 - INFO - Successfully switched to chat frame
2024-11-18 15:25:09,441 - INFO - Successfully switched to chat frame
2024-11-18 15:25:11,235 - INFO - Successfully switched to chat frame
2024-11-18 15:25:13,034 - INFO - Successfully switched to chat frame
2024-11-18 15:25:14,888 - INFO - Successfully switched to chat frame
2024-11-18 15:25:16,750 - INFO - Successfully switched to chat frame
2024-11-18 15:25:18,583 - INFO - Successfully switched to chat frame
2024-11-18 15:25:20,476 - INFO - Successfully switched to chat frame
2024-11-18 15:25:22,315 - INFO - Successfully switched to chat frame
2024-11-18 15:25:23,138 - INFO - Progress: 0:00:30 / 0:31:26
2024-11-18 15:25:23,138 - INFO - Total messages collected: 45
2024-11-18 15:25:24,171 - INFO - Successfully switched to chat frame
2024-11-18 15:25:26,021 - INFO - Successfully switched to chat frame
2024-11-18 15:25:27,897 - INFO - Successfully switched to chat frame
2024-11-18 15:25:29,745 - INFO - Successfully switched to chat frame
2024-11-18 15:25:31,650 - INFO - Successfully switched to chat frame
2024-11-18 15:25:33,525 - INFO - Successfully switched to chat frame
2024-11-18 15:25:35,432 - INFO - Successfully switched to chat frame
2024-11-18 15:25:37,313 - INFO - Successfully switched to chat frame
2024-11-18 15:25:39,212 - INFO - Successfully switched to chat frame
2024-11-18 15:25:41,090 - INFO - Successfully switched to chat frame
2024-11-18 15:25:43,034 - INFO - Successfully switched to chat frame
2024-11-18 15:25:44,988 - INFO - Successfully switched to chat frame
2024-11-18 15:25:47,024 - INFO - Successfully switched to chat frame
2024-11-18 15:25:49,046 - INFO - Successfully switched to chat frame
2024-11-18 15:25:51,101 - INFO - Successfully switched to chat frame
2024-11-18 15:25:53,211 - INFO - Successfully switched to chat frame
2024-11-18 15:25:55,386 - INFO - Successfully switched to chat frame
2024-11-18 15:25:57,537 - INFO - Successfully switched to chat frame
2024-11-18 15:25:59,770 - INFO - Successfully switched to chat frame
2024-11-18 15:26:02,108 - INFO - Successfully switched to chat frame
2024-11-18 15:26:04,467 - INFO - Successfully switched to chat frame
2024-11-18 15:26:06,884 - INFO - Successfully switched to chat frame
2024-11-18 15:26:09,275 - INFO - Successfully switched to chat frame
2024-11-18 15:26:11,855 - INFO - Successfully switched to chat frame
2024-11-18 15:26:14,393 - INFO - Successfully switched to chat frame
2024-11-18 15:26:17,143 - INFO - Successfully switched to chat frame
2024-11-18 15:26:19,833 - INFO - Successfully switched to chat frame
2024-11-18 15:26:22,675 - INFO - Successfully switched to chat frame
2024-11-18 15:26:24,657 - INFO - Progress: 0:01:30 / 0:31:26
2024-11-18 15:26:24,658 - INFO - Total messages collected: 91
2024-11-18 15:26:25,692 - INFO - Successfully switched to chat frame
2024-11-18 15:26:28,730 - INFO - Successfully switched to chat frame
2024-11-18 15:26:32,041 - INFO - Successfully switched to chat frame
2024-11-18 15:26:35,583 - INFO - Successfully switched to chat frame
2024-11-18 15:26:39,315 - INFO - Successfully switched to chat frame
2024-11-18 15:26:43,236 - INFO - Successfully switched to chat frame
2024-11-18 15:26:47,310 - INFO - Successfully switched to chat frame
2024-11-18 15:26:51,567 - INFO - Successfully switched to chat frame
2024-11-18 15:26:56,127 - INFO - Successfully switched to chat frame
2024-11-18 15:27:01,062 - INFO - Successfully switched to chat frame
2024-11-18 15:27:06,007 - INFO - Successfully switched to chat frame
2024-11-18 15:27:10,838 - INFO - Successfully switched to chat frame
2024-11-18 15:27:15,699 - INFO - Successfully switched to chat frame
2024-11-18 15:27:20,661 - INFO - Successfully switched to chat frame
2024-11-18 15:27:25,726 - INFO - Successfully switched to chat frame
2024-11-18 15:27:30,521 - INFO - Successfully switched to chat frame
2024-11-18 15:27:35,314 - INFO - Successfully switched to chat frame
2024-11-18 15:27:40,183 - INFO - Successfully switched to chat frame
2024-11-18 15:27:45,078 - INFO - Successfully switched to chat frame
2024-11-18 15:27:49,856 - INFO - Successfully switched to chat frame
2024-11-18 15:27:54,651 - INFO - Successfully switched to chat frame
2024-11-18 15:27:59,445 - INFO - Successfully switched to chat frame
2024-11-18 15:28:04,408 - INFO - Successfully switched to chat frame
2024-11-18 15:28:09,237 - INFO - Successfully switched to chat frame
2024-11-18 15:28:14,047 - INFO - Successfully switched to chat frame
2024-11-18 15:28:18,687 - INFO - Successfully switched to chat frame
2024-11-18 15:28:23,798 - INFO - Successfully switched to chat frame
2024-11-18 15:28:28,730 - INFO - Successfully switched to chat frame
2024-11-18 15:28:33,440 - INFO - Successfully switched to chat frame
2024-11-18 15:28:38,118 - INFO - Successfully switched to chat frame
2024-11-18 15:28:42,589 - INFO - Successfully switched to chat frame
2024-11-18 15:28:47,085 - INFO - Successfully switched to chat frame
2024-11-18 15:28:51,396 - INFO - Successfully switched to chat frame
2024-11-18 15:28:55,812 - INFO - Successfully switched to chat frame
2024-11-18 15:29:00,044 - INFO - Successfully switched to chat frame
2024-11-18 15:29:04,243 - INFO - Successfully switched to chat frame
2024-11-18 15:29:08,552 - INFO - Successfully switched to chat frame
2024-11-18 15:29:11,605 - INFO - Batch full (500 messages). Writing to file...
2024-11-18 15:29:11,606 - INFO - Successfully wrote batch of 500 messages to CSV
2024-11-18 15:29:12,908 - INFO - Successfully switched to chat frame
2024-11-18 15:29:17,041 - INFO - Successfully switched to chat frame
2024-11-18 15:29:21,236 - INFO - Successfully switched to chat frame
2024-11-18 15:29:25,527 - INFO - Successfully switched to chat frame
2024-11-18 15:29:29,616 - INFO - Successfully switched to chat frame
2024-11-18 15:29:33,785 - INFO - Successfully switched to chat frame
2024-11-18 15:29:38,118 - INFO - Successfully switched to chat frame
2024-11-18 15:29:42,504 - INFO - Successfully switched to chat frame
2024-11-18 15:29:46,610 - INFO - Successfully switched to chat frame
2024-11-18 15:29:50,969 - INFO - Successfully switched to chat frame
2024-11-18 15:29:55,290 - INFO - Successfully switched to chat frame
2024-11-18 15:29:59,662 - INFO - Successfully switched to chat frame
2024-11-18 15:30:04,136 - INFO - Successfully switched to chat frame
2024-11-18 15:30:08,736 - INFO - Successfully switched to chat frame
2024-11-18 15:30:13,200 - INFO - Successfully switched to chat frame
2024-11-18 15:30:17,915 - INFO - Successfully switched to chat frame
2024-11-18 15:30:22,725 - INFO - Successfully switched to chat frame
2024-11-18 15:30:26,381 - INFO - Progress: 0:05:30 / 0:31:26
2024-11-18 15:30:26,381 - INFO - Total messages collected: 705
2024-11-18 15:30:27,421 - INFO - Successfully switched to chat frame
2024-11-18 15:30:31,966 - INFO - Successfully switched to chat frame
2024-11-18 15:30:37,262 - INFO - Successfully switched to chat frame
2024-11-18 15:30:43,234 - INFO - Successfully switched to chat frame
2024-11-18 15:30:49,585 - INFO - Successfully switched to chat frame
2024-11-18 15:30:55,321 - INFO - Successfully switched to chat frame
2024-11-18 15:30:59,837 - INFO - Successfully switched to chat frame
2024-11-18 15:31:04,410 - INFO - Successfully switched to chat frame
2024-11-18 15:31:08,738 - INFO - Successfully switched to chat frame
2024-11-18 15:31:13,886 - INFO - Successfully switched to chat frame
2024-11-18 15:31:18,213 - INFO - Successfully switched to chat frame
2024-11-18 15:31:22,470 - INFO - Successfully switched to chat frame
2024-11-18 15:31:25,979 - INFO - Progress: 0:06:30 / 0:31:26
2024-11-18 15:31:25,979 - INFO - Total messages collected: 839
2024-11-18 15:31:27,008 - INFO - Successfully switched to chat frame
2024-11-18 15:31:31,329 - INFO - Successfully switched to chat frame
2024-11-18 15:31:35,570 - INFO - Successfully switched to chat frame
2024-11-18 15:31:39,516 - INFO - Successfully switched to chat frame
2024-11-18 15:31:43,474 - INFO - Successfully switched to chat frame
2024-11-18 15:31:47,478 - INFO - Successfully switched to chat frame
2024-11-18 15:31:51,319 - INFO - Successfully switched to chat frame
2024-11-18 15:31:55,310 - INFO - Successfully switched to chat frame
2024-11-18 15:31:59,163 - INFO - Successfully switched to chat frame
2024-11-18 15:32:03,095 - INFO - Successfully switched to chat frame
2024-11-18 15:32:07,049 - INFO - Successfully switched to chat frame
2024-11-18 15:32:11,120 - INFO - Successfully switched to chat frame
2024-11-18 15:32:15,198 - INFO - Successfully switched to chat frame
2024-11-18 15:32:19,329 - INFO - Successfully switched to chat frame
2024-11-18 15:32:23,526 - INFO - Successfully switched to chat frame
2024-11-18 15:32:27,861 - INFO - Successfully switched to chat frame
2024-11-18 15:32:30,723 - INFO - Batch full (500 messages). Writing to file...
2024-11-18 15:32:30,725 - INFO - Successfully wrote batch of 500 messages to CSV
2024-11-18 15:32:31,985 - INFO - Successfully switched to chat frame
2024-11-18 15:32:36,595 - INFO - Successfully switched to chat frame
2024-11-18 15:32:41,294 - INFO - Successfully switched to chat frame
2024-11-18 15:32:46,057 - INFO - Successfully switched to chat frame
2024-11-18 15:32:50,902 - INFO - Successfully switched to chat frame
2024-11-18 15:32:55,745 - INFO - Successfully switched to chat frame
2024-11-18 15:33:00,377 - INFO - Successfully switched to chat frame
2024-11-18 15:33:05,126 - INFO - Successfully switched to chat frame
2024-11-18 15:33:09,915 - INFO - Successfully switched to chat frame
2024-11-18 15:33:14,502 - INFO - Successfully switched to chat frame
2024-11-18 15:33:19,012 - INFO - Successfully switched to chat frame
2024-11-18 15:33:23,502 - INFO - Successfully switched to chat frame
2024-11-18 15:33:28,101 - INFO - Successfully switched to chat frame
2024-11-18 15:33:32,553 - INFO - Successfully switched to chat frame
2024-11-18 15:33:37,063 - INFO - Successfully switched to chat frame
2024-11-18 15:33:41,126 - INFO - Successfully switched to chat frame
2024-11-18 15:33:45,556 - INFO - Successfully switched to chat frame
2024-11-18 15:33:50,430 - INFO - Successfully switched to chat frame
2024-11-18 15:33:54,883 - INFO - Successfully switched to chat frame
2024-11-18 15:33:59,246 - INFO - Successfully switched to chat frame
2024-11-18 15:34:03,593 - INFO - Successfully switched to chat frame
2024-11-18 15:34:07,992 - INFO - Successfully switched to chat frame
2024-11-18 15:34:12,347 - INFO - Successfully switched to chat frame
2024-11-18 15:34:16,682 - INFO - Successfully switched to chat frame
2024-11-18 15:34:20,967 - INFO - Successfully switched to chat frame
2024-11-18 15:34:25,354 - INFO - Successfully switched to chat frame
2024-11-18 15:34:29,523 - INFO - Successfully switched to chat frame
2024-11-18 15:34:34,284 - INFO - Successfully switched to chat frame
2024-11-18 15:34:38,580 - INFO - Successfully switched to chat frame
2024-11-18 15:34:42,914 - INFO - Successfully switched to chat frame
2024-11-18 15:34:47,263 - INFO - Successfully switched to chat frame
2024-11-18 15:34:51,557 - INFO - Successfully switched to chat frame
2024-11-18 15:34:56,196 - INFO - Successfully switched to chat frame
2024-11-18 15:35:00,670 - INFO - Successfully switched to chat frame
2024-11-18 15:35:04,954 - INFO - Successfully switched to chat frame
2024-11-18 15:35:09,347 - INFO - Successfully switched to chat frame
2024-11-18 15:35:13,699 - INFO - Successfully switched to chat frame
2024-11-18 15:35:18,014 - INFO - Successfully switched to chat frame
2024-11-18 15:35:22,245 - INFO - Successfully switched to chat frame
2024-11-18 15:35:25,741 - INFO - Progress: 0:10:30 / 0:31:26
2024-11-18 15:35:25,741 - INFO - Total messages collected: 1424
2024-11-18 15:35:26,768 - INFO - Successfully switched to chat frame
2024-11-18 15:35:30,983 - INFO - Successfully switched to chat frame
2024-11-18 15:35:35,241 - INFO - Successfully switched to chat frame
2024-11-18 15:35:39,870 - INFO - Successfully switched to chat frame
2024-11-18 15:35:44,184 - INFO - Successfully switched to chat frame
2024-11-18 15:35:48,632 - INFO - Successfully switched to chat frame
2024-11-18 15:35:53,067 - INFO - Successfully switched to chat frame
2024-11-18 15:35:56,319 - INFO - Progress: 0:11:00 / 0:31:26
2024-11-18 15:35:56,320 - INFO - Total messages collected: 1494
2024-11-18 15:35:57,349 - INFO - Successfully switched to chat frame
2024-11-18 15:36:00,527 - INFO - Batch full (500 messages). Writing to file...
2024-11-18 15:36:00,529 - INFO - Successfully wrote batch of 500 messages to CSV
2024-11-18 15:36:01,679 - INFO - Successfully switched to chat frame
2024-11-18 15:36:06,184 - INFO - Successfully switched to chat frame
2024-11-18 15:36:10,884 - INFO - Successfully switched to chat frame
2024-11-18 15:36:15,399 - INFO - Successfully switched to chat frame
2024-11-18 15:36:20,120 - INFO - Successfully switched to chat frame
2024-11-18 15:36:24,633 - INFO - Successfully switched to chat frame
2024-11-18 15:36:29,125 - INFO - Successfully switched to chat frame
2024-11-18 15:36:33,454 - INFO - Successfully switched to chat frame
2024-11-18 15:36:37,928 - INFO - Successfully switched to chat frame
2024-11-18 15:36:42,242 - INFO - Successfully switched to chat frame
2024-11-18 15:36:46,790 - INFO - Successfully switched to chat frame
2024-11-18 15:36:51,422 - INFO - Successfully switched to chat frame
2024-11-18 15:36:55,987 - INFO - Successfully switched to chat frame
2024-11-18 15:37:00,620 - INFO - Successfully switched to chat frame
2024-11-18 15:37:05,416 - INFO - Successfully switched to chat frame
2024-11-18 15:37:10,204 - INFO - Successfully switched to chat frame
2024-11-18 15:37:14,887 - INFO - Successfully switched to chat frame
2024-11-18 15:37:19,507 - INFO - Successfully switched to chat frame
2024-11-18 15:37:24,222 - INFO - Successfully switched to chat frame
2024-11-18 15:37:28,950 - INFO - Successfully switched to chat frame
2024-11-18 15:37:33,722 - INFO - Successfully switched to chat frame
2024-11-18 15:37:38,464 - INFO - Successfully switched to chat frame
2024-11-18 15:37:43,586 - INFO - Successfully switched to chat frame
2024-11-18 15:37:48,380 - INFO - Successfully switched to chat frame
2024-11-18 15:37:53,608 - INFO - Successfully switched to chat frame
2024-11-18 15:37:58,795 - INFO - Successfully switched to chat frame
2024-11-18 15:38:03,829 - INFO - Successfully switched to chat frame
2024-11-18 15:38:08,553 - INFO - Successfully switched to chat frame
2024-11-18 15:38:13,556 - INFO - Successfully switched to chat frame
2024-11-18 15:38:18,778 - INFO - Successfully switched to chat frame
2024-11-18 15:38:23,798 - INFO - Successfully switched to chat frame
2024-11-18 15:38:28,554 - INFO - Successfully switched to chat frame
2024-11-18 15:38:33,360 - INFO - Successfully switched to chat frame
2024-11-18 15:38:38,483 - INFO - Successfully switched to chat frame
2024-11-18 15:38:43,570 - INFO - Successfully switched to chat frame
2024-11-18 15:38:48,241 - INFO - Successfully switched to chat frame
2024-11-18 15:38:53,147 - INFO - Successfully switched to chat frame
2024-11-18 15:38:56,658 - INFO - Progress: 0:14:00 / 0:31:26
2024-11-18 15:38:56,659 - INFO - Total messages collected: 1898
2024-11-18 15:38:57,686 - INFO - Successfully switched to chat frame
2024-11-18 15:39:02,227 - INFO - Successfully switched to chat frame
2024-11-18 15:39:06,723 - INFO - Successfully switched to chat frame
2024-11-18 15:39:11,331 - INFO - Successfully switched to chat frame
2024-11-18 15:39:16,211 - INFO - Successfully switched to chat frame
2024-11-18 15:39:21,099 - INFO - Successfully switched to chat frame
2024-11-18 15:39:25,815 - INFO - Successfully switched to chat frame
2024-11-18 15:39:30,542 - INFO - Successfully switched to chat frame
2024-11-18 15:39:35,157 - INFO - Successfully switched to chat frame
2024-11-18 15:39:38,435 - INFO - Batch full (500 messages). Writing to file...
2024-11-18 15:39:38,437 - INFO - Successfully wrote batch of 500 messages to CSV
2024-11-18 15:39:39,990 - INFO - Successfully switched to chat frame
2024-11-18 15:39:44,941 - INFO - Successfully switched to chat frame
2024-11-18 15:39:49,728 - INFO - Successfully switched to chat frame
2024-11-18 15:39:54,877 - INFO - Successfully switched to chat frame
2024-11-18 15:39:59,828 - INFO - Successfully switched to chat frame
2024-11-18 15:40:04,866 - INFO - Successfully switched to chat frame
2024-11-18 15:40:09,774 - INFO - Successfully switched to chat frame
2024-11-18 15:40:14,950 - INFO - Successfully switched to chat frame
2024-11-18 15:40:19,755 - INFO - Successfully switched to chat frame
2024-11-18 15:40:24,652 - INFO - Successfully switched to chat frame
2024-11-18 15:40:29,372 - INFO - Successfully switched to chat frame
2024-11-18 15:40:34,134 - INFO - Successfully switched to chat frame
2024-11-18 15:40:38,794 - INFO - Successfully switched to chat frame
2024-11-18 15:40:43,259 - INFO - Successfully switched to chat frame
2024-11-18 15:40:48,390 - INFO - Successfully switched to chat frame
2024-11-18 15:40:53,246 - INFO - Successfully switched to chat frame
2024-11-18 15:40:58,000 - INFO - Successfully switched to chat frame
2024-11-18 15:41:02,877 - INFO - Successfully switched to chat frame
2024-11-18 15:41:07,825 - INFO - Successfully switched to chat frame
2024-11-18 15:41:12,725 - INFO - Successfully switched to chat frame
2024-11-18 15:41:17,970 - INFO - Successfully switched to chat frame
2024-11-18 15:41:22,863 - INFO - Successfully switched to chat frame
2024-11-18 15:41:26,769 - INFO - Progress: 0:16:30 / 0:31:26
2024-11-18 15:41:26,769 - INFO - Total messages collected: 2248
2024-11-18 15:41:27,797 - INFO - Successfully switched to chat frame
2024-11-18 15:41:32,662 - INFO - Successfully switched to chat frame
2024-11-18 15:41:37,390 - INFO - Successfully switched to chat frame
2024-11-18 15:41:42,265 - INFO - Successfully switched to chat frame
2024-11-18 15:41:47,048 - INFO - Successfully switched to chat frame
2024-11-18 15:41:51,830 - INFO - Successfully switched to chat frame
2024-11-18 15:41:56,635 - INFO - Successfully switched to chat frame
2024-11-18 15:42:02,483 - INFO - Successfully switched to chat frame
2024-11-18 15:42:07,548 - INFO - Successfully switched to chat frame
2024-11-18 15:42:12,936 - INFO - Successfully switched to chat frame
2024-11-18 15:42:19,701 - INFO - Successfully switched to chat frame
2024-11-18 15:42:26,281 - INFO - Successfully switched to chat frame
2024-11-18 15:42:31,315 - INFO - Successfully switched to chat frame
2024-11-18 15:42:36,384 - INFO - Successfully switched to chat frame
2024-11-18 15:42:41,638 - INFO - Successfully switched to chat frame
2024-11-18 15:42:46,747 - INFO - Successfully switched to chat frame
2024-11-18 15:42:51,828 - INFO - Successfully switched to chat frame
2024-11-18 15:42:57,229 - INFO - Successfully switched to chat frame
2024-11-18 15:43:02,252 - INFO - Successfully switched to chat frame
2024-11-18 15:43:07,360 - INFO - Successfully switched to chat frame
2024-11-18 15:43:12,507 - INFO - Successfully switched to chat frame
2024-11-18 15:43:16,229 - INFO - Batch full (500 messages). Writing to file...
2024-11-18 15:43:16,231 - INFO - Successfully wrote batch of 500 messages to CSV
2024-11-18 15:43:17,547 - INFO - Successfully switched to chat frame
2024-11-18 15:43:22,547 - INFO - Successfully switched to chat frame
2024-11-18 15:43:26,827 - INFO - Progress: 0:18:30 / 0:31:26
2024-11-18 15:43:26,827 - INFO - Total messages collected: 2521
2024-11-18 15:43:27,856 - INFO - Successfully switched to chat frame
2024-11-18 15:43:32,982 - INFO - Successfully switched to chat frame
2024-11-18 15:43:38,430 - INFO - Successfully switched to chat frame
2024-11-18 15:43:43,535 - INFO - Successfully switched to chat frame
2024-11-18 15:43:48,809 - INFO - Successfully switched to chat frame
2024-11-18 15:43:54,109 - INFO - Successfully switched to chat frame
2024-11-18 15:43:59,173 - INFO - Successfully switched to chat frame
2024-11-18 15:44:04,200 - INFO - Successfully switched to chat frame
2024-11-18 15:44:09,222 - INFO - Successfully switched to chat frame
2024-11-18 15:44:14,173 - INFO - Successfully switched to chat frame
2024-11-18 15:44:19,166 - INFO - Successfully switched to chat frame
2024-11-18 15:44:24,122 - INFO - Successfully switched to chat frame
2024-11-18 15:44:29,213 - INFO - Successfully switched to chat frame
2024-11-18 15:44:34,205 - INFO - Successfully switched to chat frame
2024-11-18 15:44:39,545 - INFO - Successfully switched to chat frame
2024-11-18 15:44:44,776 - INFO - Successfully switched to chat frame
2024-11-18 15:44:49,890 - INFO - Successfully switched to chat frame
2024-11-18 15:44:55,191 - INFO - Successfully switched to chat frame
2024-11-18 15:45:00,093 - INFO - Successfully switched to chat frame
2024-11-18 15:45:05,167 - INFO - Successfully switched to chat frame
2024-11-18 15:45:10,074 - INFO - Successfully switched to chat frame
2024-11-18 15:45:14,979 - INFO - Successfully switched to chat frame
2024-11-18 15:45:19,899 - INFO - Successfully switched to chat frame
2024-11-18 15:45:24,708 - INFO - Successfully switched to chat frame
2024-11-18 15:45:29,650 - INFO - Successfully switched to chat frame
2024-11-18 15:45:34,343 - INFO - Successfully switched to chat frame
2024-11-18 15:45:39,092 - INFO - Successfully switched to chat frame
2024-11-18 15:45:43,895 - INFO - Successfully switched to chat frame
2024-11-18 15:45:48,833 - INFO - Successfully switched to chat frame
2024-11-18 15:45:53,656 - INFO - Successfully switched to chat frame
2024-11-18 15:45:58,705 - INFO - Successfully switched to chat frame
2024-11-18 15:46:03,600 - INFO - Successfully switched to chat frame
2024-11-18 15:46:08,551 - INFO - Successfully switched to chat frame
2024-11-18 15:46:13,353 - INFO - Successfully switched to chat frame
2024-11-18 15:46:18,246 - INFO - Successfully switched to chat frame
2024-11-18 15:46:23,025 - INFO - Successfully switched to chat frame
2024-11-18 15:46:26,536 - INFO - Progress: 0:21:30 / 0:31:26
2024-11-18 15:46:26,537 - INFO - Total messages collected: 2714
2024-11-18 15:46:27,584 - INFO - Successfully switched to chat frame
2024-11-18 15:46:32,192 - INFO - Successfully switched to chat frame
2024-11-18 15:46:36,697 - INFO - Successfully switched to chat frame
2024-11-18 15:46:41,207 - INFO - Successfully switched to chat frame
2024-11-18 15:46:45,630 - INFO - Successfully switched to chat frame
2024-11-18 15:46:50,029 - INFO - Successfully switched to chat frame
2024-11-18 15:46:54,537 - INFO - Successfully switched to chat frame
2024-11-18 15:46:58,988 - INFO - Successfully switched to chat frame
2024-11-18 15:47:03,451 - INFO - Successfully switched to chat frame
2024-11-18 15:47:07,771 - INFO - Successfully switched to chat frame
2024-11-18 15:47:12,200 - INFO - Successfully switched to chat frame
2024-11-18 15:47:16,412 - INFO - Successfully switched to chat frame
2024-11-18 15:47:20,720 - INFO - Successfully switched to chat frame
2024-11-18 15:47:25,122 - INFO - Successfully switched to chat frame
2024-11-18 15:47:29,482 - INFO - Successfully switched to chat frame
2024-11-18 15:47:33,843 - INFO - Successfully switched to chat frame
2024-11-18 15:47:38,200 - INFO - Successfully switched to chat frame
2024-11-18 15:47:42,370 - INFO - Successfully switched to chat frame
2024-11-18 15:47:46,569 - INFO - Successfully switched to chat frame
2024-11-18 15:47:51,843 - INFO - Successfully switched to chat frame
2024-11-18 15:47:56,388 - INFO - Successfully switched to chat frame
2024-11-18 15:48:00,669 - INFO - Successfully switched to chat frame
2024-11-18 15:48:05,183 - INFO - Successfully switched to chat frame
2024-11-18 15:48:09,662 - INFO - Successfully switched to chat frame
2024-11-18 15:48:14,558 - INFO - Successfully switched to chat frame
2024-11-18 15:48:19,177 - INFO - Successfully switched to chat frame
2024-11-18 15:48:23,962 - INFO - Successfully switched to chat frame
2024-11-18 15:48:28,920 - INFO - Successfully switched to chat frame
2024-11-18 15:48:33,759 - INFO - Successfully switched to chat frame
2024-11-18 15:48:38,693 - INFO - Successfully switched to chat frame
2024-11-18 15:48:43,432 - INFO - Successfully switched to chat frame
2024-11-18 15:48:48,216 - INFO - Successfully switched to chat frame
2024-11-18 15:48:53,131 - INFO - Successfully switched to chat frame
2024-11-18 15:48:57,023 - INFO - Progress: 0:24:00 / 0:31:26
2024-11-18 15:48:57,024 - INFO - Total messages collected: 2929
2024-11-18 15:48:58,052 - INFO - Successfully switched to chat frame
2024-11-18 15:49:03,065 - INFO - Successfully switched to chat frame
2024-11-18 15:49:08,136 - INFO - Successfully switched to chat frame
2024-11-18 15:49:13,414 - INFO - Successfully switched to chat frame
2024-11-18 15:49:18,352 - INFO - Successfully switched to chat frame
2024-11-18 15:49:23,467 - INFO - Successfully switched to chat frame
2024-11-18 15:49:28,219 - INFO - Successfully switched to chat frame
2024-11-18 15:49:33,468 - INFO - Successfully switched to chat frame
2024-11-18 15:49:37,327 - INFO - Batch full (500 messages). Writing to file...
2024-11-18 15:49:37,328 - INFO - Successfully wrote batch of 500 messages to CSV
2024-11-18 15:49:38,424 - INFO - Successfully switched to chat frame
2024-11-18 15:49:43,238 - INFO - Successfully switched to chat frame
2024-11-18 15:49:48,183 - INFO - Successfully switched to chat frame
2024-11-18 15:49:52,942 - INFO - Successfully switched to chat frame
2024-11-18 15:49:56,468 - INFO - Progress: 0:25:00 / 0:31:26
2024-11-18 15:49:56,469 - INFO - Total messages collected: 3033
2024-11-18 15:49:57,526 - INFO - Successfully switched to chat frame
2024-11-18 15:50:02,192 - INFO - Successfully switched to chat frame
2024-11-18 15:50:06,774 - INFO - Successfully switched to chat frame
2024-11-18 15:50:11,158 - INFO - Successfully switched to chat frame
2024-11-18 15:50:15,775 - INFO - Successfully switched to chat frame
2024-11-18 15:50:20,310 - INFO - Successfully switched to chat frame
2024-11-18 15:50:25,171 - INFO - Successfully switched to chat frame
2024-11-18 15:50:29,787 - INFO - Successfully switched to chat frame
2024-11-18 15:50:34,462 - INFO - Successfully switched to chat frame
2024-11-18 15:50:39,056 - INFO - Successfully switched to chat frame
2024-11-18 15:50:43,813 - INFO - Successfully switched to chat frame
2024-11-18 15:50:48,659 - INFO - Successfully switched to chat frame
2024-11-18 15:50:53,636 - INFO - Successfully switched to chat frame
2024-11-18 15:50:58,303 - INFO - Successfully switched to chat frame
2024-11-18 15:51:03,256 - INFO - Successfully switched to chat frame
2024-11-18 15:51:08,303 - INFO - Successfully switched to chat frame
2024-11-18 15:51:13,187 - INFO - Successfully switched to chat frame
2024-11-18 15:51:17,842 - INFO - Successfully switched to chat frame
2024-11-18 15:51:22,791 - INFO - Successfully switched to chat frame
2024-11-18 15:51:26,457 - INFO - Progress: 0:26:30 / 0:31:26
2024-11-18 15:51:26,457 - INFO - Total messages collected: 3210
2024-11-18 15:51:27,522 - INFO - Successfully switched to chat frame
2024-11-18 15:51:32,231 - INFO - Successfully switched to chat frame
2024-11-18 15:51:36,913 - INFO - Successfully switched to chat frame
2024-11-18 15:51:41,836 - INFO - Successfully switched to chat frame
2024-11-18 15:51:46,744 - INFO - Successfully switched to chat frame
2024-11-18 15:51:51,796 - INFO - Successfully switched to chat frame
2024-11-18 15:51:56,509 - INFO - Successfully switched to chat frame
2024-11-18 15:52:01,645 - INFO - Successfully switched to chat frame
2024-11-18 15:52:06,402 - INFO - Successfully switched to chat frame
2024-11-18 15:52:11,183 - INFO - Successfully switched to chat frame
2024-11-18 15:52:16,088 - INFO - Successfully switched to chat frame
2024-11-18 15:52:21,286 - INFO - Successfully switched to chat frame
2024-11-18 15:52:26,064 - INFO - Successfully switched to chat frame
2024-11-18 15:52:30,889 - INFO - Successfully switched to chat frame
2024-11-18 15:52:35,796 - INFO - Successfully switched to chat frame
2024-11-18 15:52:40,899 - INFO - Successfully switched to chat frame
2024-11-18 15:52:46,215 - INFO - Successfully switched to chat frame
2024-11-18 15:52:51,497 - INFO - Successfully switched to chat frame
2024-11-18 15:52:56,809 - INFO - Successfully switched to chat frame
2024-11-18 15:53:01,834 - INFO - Successfully switched to chat frame
2024-11-18 15:53:06,939 - INFO - Successfully switched to chat frame
2024-11-18 15:53:12,093 - INFO - Successfully switched to chat frame
2024-11-18 15:53:17,296 - INFO - Successfully switched to chat frame
2024-11-18 15:53:22,280 - INFO - Successfully switched to chat frame
2024-11-18 15:53:26,220 - INFO - Progress: 0:28:30 / 0:31:26
2024-11-18 15:53:26,220 - INFO - Total messages collected: 3397
2024-11-18 15:53:27,262 - INFO - Successfully switched to chat frame
2024-11-18 15:53:32,234 - INFO - Successfully switched to chat frame
2024-11-18 15:53:37,290 - INFO - Successfully switched to chat frame
2024-11-18 15:53:42,105 - INFO - Successfully switched to chat frame
2024-11-18 15:53:46,921 - INFO - Successfully switched to chat frame
2024-11-18 15:53:51,566 - INFO - Successfully switched to chat frame
2024-11-18 15:53:56,348 - INFO - Successfully switched to chat frame
2024-11-18 15:54:00,839 - INFO - Successfully switched to chat frame
2024-11-18 15:54:05,735 - INFO - Successfully switched to chat frame
2024-11-18 15:54:10,205 - INFO - Successfully switched to chat frame
2024-11-18 15:54:14,813 - INFO - Successfully switched to chat frame
2024-11-18 15:54:17,971 - INFO - Batch full (500 messages). Writing to file...
2024-11-18 15:54:17,973 - INFO - Successfully wrote batch of 500 messages to CSV
2024-11-18 15:54:19,160 - INFO - Successfully switched to chat frame
2024-11-18 15:54:23,659 - INFO - Successfully switched to chat frame
2024-11-18 15:54:28,337 - INFO - Successfully switched to chat frame
2024-11-18 15:54:32,866 - INFO - Successfully switched to chat frame
2024-11-18 15:54:37,272 - INFO - Successfully switched to chat frame
2024-11-18 15:54:41,702 - INFO - Successfully switched to chat frame
2024-11-18 15:54:46,184 - INFO - Successfully switched to chat frame
2024-11-18 15:54:50,518 - INFO - Successfully switched to chat frame
2024-11-18 15:54:54,986 - INFO - Successfully switched to chat frame
2024-11-18 15:54:59,409 - INFO - Successfully switched to chat frame
2024-11-18 15:55:03,850 - INFO - Successfully switched to chat frame
2024-11-18 15:55:08,573 - INFO - Successfully switched to chat frame
2024-11-18 15:55:13,157 - INFO - Successfully switched to chat frame
2024-11-18 15:55:17,969 - INFO - Successfully switched to chat frame
2024-11-18 15:55:22,461 - INFO - Successfully switched to chat frame
2024-11-18 15:55:26,157 - INFO - Progress: 0:30:30 / 0:31:26
2024-11-18 15:55:26,157 - INFO - Total messages collected: 3649
2024-11-18 15:55:27,198 - INFO - Successfully switched to chat frame
2024-11-18 15:55:31,532 - INFO - Successfully switched to chat frame
2024-11-18 15:55:36,061 - INFO - Successfully switched to chat frame
2024-11-18 15:55:40,382 - INFO - Successfully switched to chat frame
2024-11-18 15:55:44,975 - INFO - Successfully switched to chat frame
2024-11-18 15:55:49,688 - INFO - Successfully switched to chat frame
2024-11-18 15:55:54,219 - INFO - Successfully switched to chat frame
2024-11-18 15:55:58,783 - INFO - Successfully switched to chat frame
2024-11-18 15:56:03,363 - INFO - Successfully switched to chat frame
2024-11-18 15:56:07,926 - INFO - Successfully switched to chat frame
2024-11-18 15:56:12,768 - INFO - Successfully switched to chat frame
2024-11-18 15:56:17,094 - INFO - Successfully switched to chat frame
2024-11-18 15:56:21,789 - INFO - Reached end of video
2024-11-18 15:56:21,792 - INFO - Successfully wrote batch of 187 messages to CSV
2024-11-18 15:56:21,792 - INFO - Scraping completed. Total messages collected: 3687
